### CustomExplorer log file, revision G-2012.06-SP2 (build 1120) ###
### created at 20:56:43 on Tue Jan  5 2016 (Linux AMD64) ###
### Host Name: aic6.localdomain   User ID: lou   PID: 23556   ###
wv_start_log
# (0) running in waveview only mode
# (0) SW_SX_PERL_LIB defined
# (0) SW_SX_TCL_LIB defined
# (0) HOME defined
wv_move_window CustomWaveView 0 0
wv_resize_window CustomWaveView 800 400
wv_move_window CustomWaveView 1978 77
wv_move_window CustomWaveView 2 51
wv_resize_window CustomWaveView 1910 925
wv_move_window CustomWaveView 8 51
wv_select_toolbar_item {Import Waveform File}
wv_select_dialog FileDialog
wv_set_text FileDialog.FileName {}
wv_select_list_item FileDialog.FileList LZSS.vcd
wv_dclick_list_item FileDialog.FileList LZSS.vcd
wv_expand_hierview_item {FILE0:D0:LZSS.vcd}
wv_select_hierview_item {FILE0:D0:LZSS.vcd}
wv_select_hierview_item {FILE0:D0:LZSS.vcd} {test}
wv_expand_hierview_item {FILE0:D0:LZSS.vcd} {test}
wv_select_hierview_item {FILE0:D0:LZSS.vcd} {test}
wv_select_sigview_item compress_bit
wv_select_hierview_item {FILE0:D0:LZSS.vcd} {test/LZSS}
wv_horz_scroll sigview 537
wv_select_sigview_item {mainState_w[1:0]}
wv_drag_sigview_item {mainState_w[1:0]}
wv_drag_enter WV1
wv_drop_on WV1
wv_horz_scroll sigview 0
wv_select_sigview_item busy_r
wv_drag_sigview_item busy_r
wv_drag_enter WV1
wv_drag_to WV1 39 261
wv_drop_on WV1
wv_select_wv_item WV1.PANEL1:1.XAXIS1
wv_drag_item_to WV1 275 33
wv_zoom_x WV1.PANEL1:1 6.81597e-07 9.89716e-07
wv_select_sigview_item clk
wv_drag_sigview_item clk
wv_drag_enter WV1
wv_drag_to WV1 0 188
wv_drag_to WV1 51 78
wv_drag_to WV1 59 49
wv_drop_on WV1
wv_horz_scroll sigview 422
wv_horz_scroll sigview 346
wv_horz_scroll sigview 487
wv_horz_scroll sigview 628
wv_horz_scroll sigview 769
wv_horz_scroll sigview 628
wv_horz_scroll sigview 487
wv_horz_scroll sigview 346
wv_horz_scroll sigview 205
wv_horz_scroll sigview 64
wv_horz_scroll sigview 0
wv_horz_scroll sigview 357
wv_select_sigview_item {mainState_r[1:0]}
wv_drag_sigview_item {mainState_r[1:0]}
wv_drag_enter WV1
wv_drag_to WV1 54 196
wv_drop_on WV1
wv_select_sigview_item {remainData_r[8:0]}
wv_drag_sigview_item {remainData_r[8:0]}
wv_drag_enter WV1
wv_drag_to WV1 0 516
wv_drop_on WV1
wv_select_wv_item WV1.LEGEND.WIDTH
wv_drag_item_to WV1 82 202
wv_move_wv_item WV1.PANEL1:1.LEGEND.WIDTH 116
wv_select_wv_item WV1.LEGEND.WIDTH
wv_drag_item_to WV1 117 202
wv_move_wv_item WV1.PANEL1:1.LEGEND.WIDTH 134
wv_release_wv_item WV1 146 200
wv_release_wv_item WV1 148 201
wv_release_wv_item WV1 149 204
wv_select_wv_item WV1.LEGEND.WIDTH
wv_drag_item_to WV1 136 204
wv_move_wv_item WV1.PANEL1:1.LEGEND.WIDTH 165
wv_select_wv_item WV1.LEGEND.WIDTH
wv_drag_item_to WV1 166 204
wv_move_wv_item WV1.PANEL1:1.LEGEND.WIDTH 178
wv_horz_scroll sigview 0
wv_horz_scroll sigview 0
wv_expand_hierview_item {FILE0:D0:LZSS.vcd} {test/LZSS}
wv_select_hierview_item {FILE0:D0:LZSS.vcd} {test/LZSS}
wv_select_hierview_item {FILE0:D0:LZSS.vcd} {test/LZSS/argmax}
wv_vert_scroll hierview 72
wv_select_hierview_item {FILE0:D0:LZSS.vcd} {test/LZSS/smallMatcher_gen[62]}
wv_vert_scroll hierview 17
wv_select_hierview_item {FILE0:D0:LZSS.vcd} {test/LZSS/sm}
wv_vert_scroll hierview 0
wv_select_hierview_item {FILE0:D0:LZSS.vcd} {test/LZSS/argmax}
wv_select_hierview_item {FILE0:D0:LZSS.vcd} {test/LZSS}
wv_horz_scroll sigview 140
wv_set_radio MainWindow.Voltage
wv_horz_scroll sigview 0
wv_set_radio MainWindow.Current
wv_set_radio MainWindow.All
wv_horz_scroll sigview 192
wv_select_hierview_item {FILE0:D0:LZSS.vcd} {test}
wv_horz_scroll sigview 0
wv_select_hierview_item {FILE0:D0:LZSS.vcd} {test}
wv_select_hierview_item {FILE0:D0:LZSS.vcd} {test/LZSS}
wv_close_window CustomWaveView
wv_select_dialog Confirmation
# wv_press_button Confirmation.Ok
